[debug] [2023-08-13T16:58:17.056Z] ----------------------------------------------------------------------
[debug] [2023-08-13T16:58:17.058Z] Command:       C:\Program Files\nodejs\node.exe C:\Users\jyots\AppData\Roaming\npm\node_modules\firebase-tools\lib\bin\firebase.js emulators:start
[debug] [2023-08-13T16:58:17.058Z] CLI Version:   12.4.5
[debug] [2023-08-13T16:58:17.058Z] Platform:      win32
[debug] [2023-08-13T16:58:17.059Z] Node Version:  v18.16.0
[debug] [2023-08-13T16:58:17.060Z] Time:          Sun Aug 13 2023 22:28:17 GMT+0530 (India Standard Time)
[debug] [2023-08-13T16:58:17.060Z] ----------------------------------------------------------------------
[debug] 
[debug] [2023-08-13T16:58:17.217Z] > command requires scopes: ["email","openid","https://www.googleapis.com/auth/cloudplatformprojects.readonly","https://www.googleapis.com/auth/firebase","https://www.googleapis.com/auth/cloud-platform"]
[debug] [2023-08-13T16:58:17.218Z] > authorizing via signed-in user (jyotsnakeerti4@gmail.com)
[info] i  emulators: Starting emulators: functions {"metadata":{"emulator":{"name":"hub"},"message":"Starting emulators: functions"}}
[debug] [2023-08-13T16:58:17.230Z] [logging] Logging Emulator only supports listening on one address (127.0.0.1). Not listening on ::1
[debug] [2023-08-13T16:58:17.230Z] assigned listening specs for emulators {"user":{"hub":[{"address":"127.0.0.1","family":"IPv4","port":4400},{"address":"::1","family":"IPv6","port":4400}],"ui":[{"address":"127.0.0.1","family":"IPv4","port":4000},{"address":"::1","family":"IPv6","port":4000}],"logging":[{"address":"127.0.0.1","family":"IPv4","port":4500}]},"metadata":{"message":"assigned listening specs for emulators"}}
[debug] [2023-08-13T16:58:17.244Z] [hub] writing locator at C:\Users\jyots\AppData\Local\Temp\hub-test-901f1.json
[debug] [2023-08-13T16:58:17.263Z] [functions] Functions Emulator only supports listening on one address (127.0.0.1). Not listening on ::1
[debug] [2023-08-13T16:58:17.264Z] [eventarc] Eventarc Emulator only supports listening on one address (127.0.0.1). Not listening on ::1
[debug] [2023-08-13T16:58:17.264Z] late-assigned ports for functions and eventarc emulators {"user":{"hub":[{"address":"127.0.0.1","family":"IPv4","port":4400},{"address":"::1","family":"IPv6","port":4400}],"ui":[{"address":"127.0.0.1","family":"IPv4","port":4000},{"address":"::1","family":"IPv6","port":4000}],"logging":[{"address":"127.0.0.1","family":"IPv4","port":4500}],"functions":[{"address":"127.0.0.1","family":"IPv4","port":5001}],"eventarc":[{"address":"127.0.0.1","family":"IPv4","port":9299}]},"metadata":{"message":"late-assigned ports for functions and eventarc emulators"}}
[warn] !  functions: The following emulators are not running, calls to these services from the Functions emulator will affect production: auth, firestore, database, hosting, pubsub, storage {"metadata":{"emulator":{"name":"functions"},"message":"The following emulators are not running, calls to these services from the Functions emulator will affect production: \u001b[1mauth, firestore, database, hosting, pubsub, storage\u001b[22m"}}
[debug] [2023-08-13T16:58:17.269Z] defaultcredentials: writing to file C:\Users\jyots\AppData\Roaming\firebase\jyotsnakeerti4_gmail_com_application_default_credentials.json
[debug] [2023-08-13T16:58:17.273Z] Setting GAC to C:\Users\jyots\AppData\Roaming\firebase\jyotsnakeerti4_gmail_com_application_default_credentials.json {"metadata":{"emulator":{"name":"functions"},"message":"Setting GAC to C:\\Users\\jyots\\AppData\\Roaming\\firebase\\jyotsnakeerti4_gmail_com_application_default_credentials.json"}}
[debug] [2023-08-13T16:58:17.274Z] > refreshing access token with scopes: []
[debug] [2023-08-13T16:58:17.276Z] >>> [apiv2][query] POST https://www.googleapis.com/oauth2/v3/token [none]
[debug] [2023-08-13T16:58:17.276Z] >>> [apiv2][body] POST https://www.googleapis.com/oauth2/v3/token [omitted]
[debug] [2023-08-13T16:58:17.411Z] <<< [apiv2][status] POST https://www.googleapis.com/oauth2/v3/token 200
[debug] [2023-08-13T16:58:17.411Z] <<< [apiv2][body] POST https://www.googleapis.com/oauth2/v3/token [omitted]
[debug] [2023-08-13T16:58:17.446Z] >>> [apiv2][query] GET https://firebase.googleapis.com/v1beta1/projects/test-901f1/adminSdkConfig [none]
[debug] [2023-08-13T16:58:17.821Z] <<< [apiv2][status] GET https://firebase.googleapis.com/v1beta1/projects/test-901f1/adminSdkConfig 200
[debug] [2023-08-13T16:58:17.821Z] <<< [apiv2][body] GET https://firebase.googleapis.com/v1beta1/projects/test-901f1/adminSdkConfig {"projectId":"test-901f1","storageBucket":"test-901f1.appspot.com"}
[debug] [2023-08-13T16:58:17.856Z] Ignoring unsupported arg: auto_download {"metadata":{"emulator":{"name":"ui"},"message":"Ignoring unsupported arg: auto_download"}}
[debug] [2023-08-13T16:58:17.856Z] Ignoring unsupported arg: port {"metadata":{"emulator":{"name":"ui"},"message":"Ignoring unsupported arg: port"}}
[debug] [2023-08-13T16:58:17.856Z] Starting Emulator UI with command {"binary":"node","args":["C:\\Users\\jyots\\.cache\\firebase\\emulators\\ui-v1.11.7\\server\\server.js"],"optionalArgs":[],"joinArgs":false} {"metadata":{"emulator":{"name":"ui"},"message":"Starting Emulator UI with command {\"binary\":\"node\",\"args\":[\"C:\\\\Users\\\\jyots\\\\.cache\\\\firebase\\\\emulators\\\\ui-v1.11.7\\\\server\\\\server.js\"],\"optionalArgs\":[],\"joinArgs\":false}"}}
[info] i  ui: Emulator UI logging to ui-debug.log {"metadata":{"emulator":{"name":"ui"},"message":"Emulator UI logging to \u001b[1mui-debug.log\u001b[22m"}}
[debug] [2023-08-13T16:58:18.019Z] Web / API server started at 127.0.0.1:4000
 {"metadata":{"emulator":{"name":"ui"},"message":"Web / API server started at 127.0.0.1:4000\n"}}
[debug] [2023-08-13T16:58:18.019Z] Web / API server started at ::1:4000
 {"metadata":{"emulator":{"name":"ui"},"message":"Web / API server started at ::1:4000\n"}}
[info] i  functions: Watching "E:\amazon_p2\amazon_clone\functions" for Cloud Functions... {"metadata":{"emulator":{"name":"functions"},"message":"Watching \"E:\\amazon_p2\\amazon_clone\\functions\" for Cloud Functions..."}}
[debug] [2023-08-13T16:58:18.145Z] Validating nodejs source
[debug] [2023-08-13T16:58:20.045Z] > [functions] package.json contents: {
  "name": "functions",
  "description": "Cloud Functions for Firebase",
  "scripts": {
    "lint": "eslint .",
    "serve": "firebase emulators:start --only functions",
    "shell": "firebase functions:shell",
    "start": "npm run shell",
    "deploy": "firebase deploy --only functions",
    "logs": "firebase functions:log"
  },
  "engines": {
    "node": "18"
  },
  "main": "index.js",
  "dependencies": {
    "firebase-admin": "^11.8.0",
    "firebase-functions": "^4.3.1"
  },
  "devDependencies": {
    "eslint": "^8.15.0",
    "eslint-config-google": "^0.14.0",
    "firebase-functions-test": "^3.1.0"
  },
  "private": true
}
[debug] [2023-08-13T16:58:20.046Z] Building nodejs source
[debug] [2023-08-13T16:58:20.046Z] Failed to find version of module node: reached end of search path E:\amazon_p2\amazon_clone\functions\node_modules
[info] +  functions: Using node@18 from host. 
[debug] [2023-08-13T16:58:20.050Z] Could not find functions.yaml. Must use http discovery
[debug] [2023-08-13T16:58:20.055Z] Found firebase-functions binary at 'E:\amazon_p2\amazon_clone\functions\node_modules\.bin\firebase-functions'
[info] Serving at port 8599

[debug] [2023-08-13T16:58:20.825Z] Got response from /__/functions.yaml {"endpoints":{"api":{"platform":"gcfv1","availableMemoryMb":null,"timeoutSeconds":null,"minInstances":null,"maxInstances":null,"ingressSettings":null,"serviceAccountEmail":null,"vpc":null,"httpsTrigger":{},"entryPoint":"api"}},"specVersion":"v1alpha1","requiredAPIs":[]}
[info] shutdown requested via /__/quitquitquit

[info] +  functions: Loaded functions definitions from source: api. {"metadata":{"emulator":{"name":"functions"},"message":"Loaded functions definitions from source: api."}}
[info] +  functions[us-central1-api]: http function initialized (http://127.0.0.1:5001/test-901f1/us-central1/api). {"metadata":{"emulator":{"name":"functions"},"message":"\u001b[1mhttp\u001b[22m function initialized (http://127.0.0.1:5001/test-901f1/us-central1/api)."}}
[info] 
┌─────────────────────────────────────────────────────────────┐
│ ✔  All emulators ready! It is now safe to connect your app. │
│ i  View Emulator UI at http://127.0.0.1:4000/               │
└─────────────────────────────────────────────────────────────┘

┌───────────┬────────────────┬─────────────────────────────────┐
│ Emulator  │ Host:Port      │ View in Emulator UI             │
├───────────┼────────────────┼─────────────────────────────────┤
│ Functions │ 127.0.0.1:5001 │ http://127.0.0.1:4000/functions │
└───────────┴────────────────┴─────────────────────────────────┘
  Emulator Hub running at 127.0.0.1:4400
  Other reserved ports: 4500

Issues? Report them at https://github.com/firebase/firebase-tools/issues and attach the *-debug.log files.
 
[debug] [2023-08-13T17:00:10.251Z] [work-queue] {"queuedWork":["/test-901f1/us-central1/api-2023-08-13T17:00:10.251Z"],"queueLength":1,"runningWork":[],"workRunningCount":0}
[debug] [2023-08-13T17:00:10.252Z] [work-queue] {"queuedWork":[],"queueLength":0,"runningWork":["/test-901f1/us-central1/api-2023-08-13T17:00:10.251Z"],"workRunningCount":1}
[debug] [2023-08-13T17:00:10.253Z] Accepted request GET /test-901f1/us-central1/api --> us-central1-api
[debug] [2023-08-13T17:00:10.257Z] [functions] Runtime ready! Sending request! {"metadata":{"emulator":{"name":"functions"},"message":"[functions] Runtime ready! Sending request!"}}
[debug] [2023-08-13T17:00:10.259Z] [functions] Got req.url=/test-901f1/us-central1/api, mapping to path=/ {"metadata":{"emulator":{"name":"functions"},"message":"[functions] Got req.url=/test-901f1/us-central1/api, mapping to path=/"}}
[debug] [2023-08-13T17:00:10.274Z] [worker-pool] addWorker(us-central1-api) {"metadata":{"emulator":{"name":"functions"},"message":"[worker-pool] addWorker(us-central1-api)"}}
[debug] [2023-08-13T17:00:10.275Z] [worker-pool] Adding worker with key us-central1-api, total=1 {"metadata":{"emulator":{"name":"functions"},"message":"[worker-pool] Adding worker with key us-central1-api, total=1"}}
[debug] [2023-08-13T17:00:11.726Z] [runtime-status] [8460] Resolved module firebase-admin {"declared":true,"installed":true,"version":"11.10.1","resolution":"E:\\amazon_p2\\amazon_clone\\functions\\node_modules\\firebase-admin\\lib\\index.js"} {"metadata":{"emulator":{"name":"functions"},"function":{"name":"us-central1-api"},"extension":{},"message":"[runtime-status] [8460] Resolved module firebase-admin {\"declared\":true,\"installed\":true,\"version\":\"11.10.1\",\"resolution\":\"E:\\\\amazon_p2\\\\amazon_clone\\\\functions\\\\node_modules\\\\firebase-admin\\\\lib\\\\index.js\"}"}}
[debug] [2023-08-13T17:00:11.727Z] [runtime-status] [8460] Resolved module firebase-functions {"declared":true,"installed":true,"version":"4.4.1","resolution":"E:\\amazon_p2\\amazon_clone\\functions\\node_modules\\firebase-functions\\lib\\v1\\index.js"} {"metadata":{"emulator":{"name":"functions"},"function":{"name":"us-central1-api"},"extension":{},"message":"[runtime-status] [8460] Resolved module firebase-functions {\"declared\":true,\"installed\":true,\"version\":\"4.4.1\",\"resolution\":\"E:\\\\amazon_p2\\\\amazon_clone\\\\functions\\\\node_modules\\\\firebase-functions\\\\lib\\\\v1\\\\index.js\"}"}}
[debug] [2023-08-13T17:00:11.728Z] [runtime-status] [8460] Outgoing network have been stubbed. [{"name":"http","status":"mocked"},{"name":"http","status":"mocked"},{"name":"https","status":"mocked"},{"name":"https","status":"mocked"},{"name":"net","status":"mocked"}] {"metadata":{"emulator":{"name":"functions"},"function":{"name":"us-central1-api"},"extension":{},"message":"[runtime-status] [8460] Outgoing network have been stubbed. [{\"name\":\"http\",\"status\":\"mocked\"},{\"name\":\"http\",\"status\":\"mocked\"},{\"name\":\"https\",\"status\":\"mocked\"},{\"name\":\"https\",\"status\":\"mocked\"},{\"name\":\"net\",\"status\":\"mocked\"}]"}}
[debug] [2023-08-13T17:00:11.729Z] [runtime-status] [8460] Resolved module firebase-functions {"declared":true,"installed":true,"version":"4.4.1","resolution":"E:\\amazon_p2\\amazon_clone\\functions\\node_modules\\firebase-functions\\lib\\v1\\index.js"} {"metadata":{"emulator":{"name":"functions"},"function":{"name":"us-central1-api"},"extension":{},"message":"[runtime-status] [8460] Resolved module firebase-functions {\"declared\":true,\"installed\":true,\"version\":\"4.4.1\",\"resolution\":\"E:\\\\amazon_p2\\\\amazon_clone\\\\functions\\\\node_modules\\\\firebase-functions\\\\lib\\\\v1\\\\index.js\"}"}}
[debug] [2023-08-13T17:00:12.012Z] [runtime-status] [8460] Checked functions.config() {"config":{}} {"metadata":{"emulator":{"name":"functions"},"function":{"name":"us-central1-api"},"extension":{},"message":"[runtime-status] [8460] Checked functions.config() {\"config\":{}}"}}
[debug] [2023-08-13T17:00:12.013Z] [runtime-status] [8460] firebase-functions has been stubbed. {"functionsResolution":{"declared":true,"installed":true,"version":"4.4.1","resolution":"E:\\amazon_p2\\amazon_clone\\functions\\node_modules\\firebase-functions\\lib\\v1\\index.js"}} {"metadata":{"emulator":{"name":"functions"},"function":{"name":"us-central1-api"},"extension":{},"message":"[runtime-status] [8460] firebase-functions has been stubbed. {\"functionsResolution\":{\"declared\":true,\"installed\":true,\"version\":\"4.4.1\",\"resolution\":\"E:\\\\amazon_p2\\\\amazon_clone\\\\functions\\\\node_modules\\\\firebase-functions\\\\lib\\\\v1\\\\index.js\"}}"}}
[debug] [2023-08-13T17:00:12.013Z] [runtime-status] [8460] Resolved module firebase-functions {"declared":true,"installed":true,"version":"4.4.1","resolution":"E:\\amazon_p2\\amazon_clone\\functions\\node_modules\\firebase-functions\\lib\\v1\\index.js"} {"metadata":{"emulator":{"name":"functions"},"function":{"name":"us-central1-api"},"extension":{},"message":"[runtime-status] [8460] Resolved module firebase-functions {\"declared\":true,\"installed\":true,\"version\":\"4.4.1\",\"resolution\":\"E:\\\\amazon_p2\\\\amazon_clone\\\\functions\\\\node_modules\\\\firebase-functions\\\\lib\\\\v1\\\\index.js\"}"}}
[debug] [2023-08-13T17:00:12.014Z] [runtime-status] [8460] Resolved module firebase-admin {"declared":true,"installed":true,"version":"11.10.1","resolution":"E:\\amazon_p2\\amazon_clone\\functions\\node_modules\\firebase-admin\\lib\\index.js"} {"metadata":{"emulator":{"name":"functions"},"function":{"name":"us-central1-api"},"extension":{},"message":"[runtime-status] [8460] Resolved module firebase-admin {\"declared\":true,\"installed\":true,\"version\":\"11.10.1\",\"resolution\":\"E:\\\\amazon_p2\\\\amazon_clone\\\\functions\\\\node_modules\\\\firebase-admin\\\\lib\\\\index.js\"}"}}
[debug] [2023-08-13T17:00:12.017Z] [runtime-status] [8460] Resolved module firebase-functions {"declared":true,"installed":true,"version":"4.4.1","resolution":"E:\\amazon_p2\\amazon_clone\\functions\\node_modules\\firebase-functions\\lib\\v1\\index.js"} {"metadata":{"emulator":{"name":"functions"},"function":{"name":"us-central1-api"},"extension":{},"message":"[runtime-status] [8460] Resolved module firebase-functions {\"declared\":true,\"installed\":true,\"version\":\"4.4.1\",\"resolution\":\"E:\\\\amazon_p2\\\\amazon_clone\\\\functions\\\\node_modules\\\\firebase-functions\\\\lib\\\\v1\\\\index.js\"}"}}
[debug] [2023-08-13T17:00:12.018Z] [runtime-status] [8460] firebase-admin has been stubbed. {"adminResolution":{"declared":true,"installed":true,"version":"11.10.1","resolution":"E:\\amazon_p2\\amazon_clone\\functions\\node_modules\\firebase-admin\\lib\\index.js"}} {"metadata":{"emulator":{"name":"functions"},"function":{"name":"us-central1-api"},"extension":{},"message":"[runtime-status] [8460] firebase-admin has been stubbed. {\"adminResolution\":{\"declared\":true,\"installed\":true,\"version\":\"11.10.1\",\"resolution\":\"E:\\\\amazon_p2\\\\amazon_clone\\\\functions\\\\node_modules\\\\firebase-admin\\\\lib\\\\index.js\"}}"}}
[debug] [2023-08-13T17:00:12.256Z] [runtime-status] [8460] Functions runtime initialized. {"cwd":"E:\\amazon_p2\\amazon_clone\\functions","node_version":"18.16.0"} {"metadata":{"emulator":{"name":"functions"},"function":{"name":"us-central1-api"},"extension":{},"message":"[runtime-status] [8460] Functions runtime initialized. {\"cwd\":\"E:\\\\amazon_p2\\\\amazon_clone\\\\functions\",\"node_version\":\"18.16.0\"}"}}
[debug] [2023-08-13T17:00:12.257Z] [runtime-status] [8460] Listening to port: \\?\pipe\fire_emu_370a4e4acc0b2f07 {"metadata":{"emulator":{"name":"functions"},"function":{"name":"us-central1-api"},"extension":{},"message":"[runtime-status] [8460] Listening to port: \\\\?\\pipe\\fire_emu_370a4e4acc0b2f07"}}
[debug] [2023-08-13T17:00:12.339Z] [worker-us-central1-api-b39c8541-8087-4f8a-9cbc-860e6158a0e1]: IDLE {"metadata":{"emulator":{"name":"functions"},"function":{"name":"us-central1-api"},"extension":{},"message":"[worker-us-central1-api-b39c8541-8087-4f8a-9cbc-860e6158a0e1]: IDLE"}}
[debug] [2023-08-13T17:00:12.341Z] [worker-pool] submitRequest(triggerId=us-central1-api) {"metadata":{"emulator":{"name":"functions"},"message":"[worker-pool] submitRequest(triggerId=us-central1-api)"}}
[info] i  functions: Beginning execution of "us-central1-api" {"metadata":{"emulator":{"name":"functions"},"function":{"name":"us-central1-api"},"extension":{},"message":"Beginning execution of \"us-central1-api\""}}
[debug] [2023-08-13T17:00:12.342Z] [worker-us-central1-api-b39c8541-8087-4f8a-9cbc-860e6158a0e1]: BUSY {"metadata":{"emulator":{"name":"functions"},"function":{"name":"us-central1-api"},"extension":{},"message":"[worker-us-central1-api-b39c8541-8087-4f8a-9cbc-860e6158a0e1]: BUSY"}}
[debug] [2023-08-13T17:00:12.351Z] Finishing up request with event=pause {"metadata":{"emulator":{"name":"functions"},"function":{"name":"us-central1-api"},"extension":{},"message":"Finishing up request with event=pause"}}
[info] i  functions: Finished "us-central1-api" in 9.3379ms {"metadata":{"emulator":{"name":"functions"},"function":{"name":"us-central1-api"},"extension":{},"message":"Finished \"us-central1-api\" in 9.3379ms"}}
[debug] [2023-08-13T17:00:12.353Z] [worker-us-central1-api-b39c8541-8087-4f8a-9cbc-860e6158a0e1]: IDLE {"metadata":{"emulator":{"name":"functions"},"function":{"name":"us-central1-api"},"extension":{},"message":"[worker-us-central1-api-b39c8541-8087-4f8a-9cbc-860e6158a0e1]: IDLE"}}
[debug] [2023-08-13T17:00:12.354Z] Finishing up request with event=finish {"metadata":{"emulator":{"name":"functions"},"function":{"name":"us-central1-api"},"extension":{},"message":"Finishing up request with event=finish"}}
[debug] [2023-08-13T17:00:12.354Z] Finishing up request with event=close {"metadata":{"emulator":{"name":"functions"},"function":{"name":"us-central1-api"},"extension":{},"message":"Finishing up request with event=close"}}
[debug] [2023-08-13T17:00:12.354Z] [work-queue] {"queuedWork":[],"queueLength":0,"runningWork":[],"workRunningCount":0}
[debug] [2023-08-13T17:00:12.453Z] Functions emulator received unknown request at path /favicon.ico
[debug] [2023-08-13T17:03:16.183Z] File E:\amazon_p2\amazon_clone\functions\index.js changed, reloading triggers {"metadata":{"emulator":{"name":"functions"},"message":"File E:\\amazon_p2\\amazon_clone\\functions\\index.js changed, reloading triggers"}}
[debug] [2023-08-13T17:03:17.200Z] Validating nodejs source
[debug] [2023-08-13T17:03:20.092Z] > [functions] package.json contents: {
  "name": "functions",
  "description": "Cloud Functions for Firebase",
  "scripts": {
    "lint": "eslint .",
    "serve": "firebase emulators:start --only functions",
    "shell": "firebase functions:shell",
    "start": "npm run shell",
    "deploy": "firebase deploy --only functions",
    "logs": "firebase functions:log"
  },
  "engines": {
    "node": "18"
  },
  "main": "index.js",
  "dependencies": {
    "firebase-admin": "^11.8.0",
    "firebase-functions": "^4.3.1"
  },
  "devDependencies": {
    "eslint": "^8.15.0",
    "eslint-config-google": "^0.14.0",
    "firebase-functions-test": "^3.1.0"
  },
  "private": true
}
[debug] [2023-08-13T17:03:20.092Z] Building nodejs source
[debug] [2023-08-13T17:03:20.093Z] Failed to find version of module node: reached end of search path E:\amazon_p2\amazon_clone\functions\node_modules
[info] +  functions: Using node@18 from host. 
[debug] [2023-08-13T17:03:20.095Z] Could not find functions.yaml. Must use http discovery
[debug] [2023-08-13T17:03:20.104Z] Found firebase-functions binary at 'E:\amazon_p2\amazon_clone\functions\node_modules\.bin\firebase-functions'
[info] Serving at port 8614

[debug] [2023-08-13T17:03:21.157Z] Got response from /__/functions.yaml {"endpoints":{"api":{"platform":"gcfv1","availableMemoryMb":null,"timeoutSeconds":null,"minInstances":null,"maxInstances":null,"ingressSettings":null,"serviceAccountEmail":null,"vpc":null,"httpsTrigger":{},"entryPoint":"api"}},"specVersion":"v1alpha1","requiredAPIs":[]}
[info] shutdown requested via /__/quitquitquit

[info] +  functions: Loaded functions definitions from source: api. {"metadata":{"emulator":{"name":"functions"},"message":"Loaded functions definitions from source: api."}}
[debug] [2023-08-13T17:03:21.187Z] [worker-pool] Shutting down IDLE worker (us-central1-api) {"metadata":{"emulator":{"name":"functions"},"message":"[worker-pool] Shutting down IDLE worker (us-central1-api)"}}
[debug] [2023-08-13T17:03:21.187Z] [worker-us-central1-api-b39c8541-8087-4f8a-9cbc-860e6158a0e1]: FINISHING {"metadata":{"emulator":{"name":"functions"},"function":{"name":"us-central1-api"},"extension":{},"message":"[worker-us-central1-api-b39c8541-8087-4f8a-9cbc-860e6158a0e1]: FINISHING"}}
[debug] [2023-08-13T17:03:21.202Z] [worker-us-central1-api-b39c8541-8087-4f8a-9cbc-860e6158a0e1]: exited {"metadata":{"emulator":{"name":"functions"},"function":{"name":"us-central1-api"},"extension":{},"message":"[worker-us-central1-api-b39c8541-8087-4f8a-9cbc-860e6158a0e1]: exited"}}
[debug] [2023-08-13T17:03:21.203Z] [worker-us-central1-api-b39c8541-8087-4f8a-9cbc-860e6158a0e1]: FINISHED {"metadata":{"emulator":{"name":"functions"},"function":{"name":"us-central1-api"},"extension":{},"message":"[worker-us-central1-api-b39c8541-8087-4f8a-9cbc-860e6158a0e1]: FINISHED"}}
[debug] [2023-08-13T17:04:14.749Z] File E:\amazon_p2\amazon_clone\functions\index.js changed, reloading triggers {"metadata":{"emulator":{"name":"functions"},"message":"File E:\\amazon_p2\\amazon_clone\\functions\\index.js changed, reloading triggers"}}
[debug] [2023-08-13T17:04:15.759Z] Validating nodejs source
[debug] [2023-08-13T17:04:19.811Z] > [functions] package.json contents: {
  "name": "functions",
  "description": "Cloud Functions for Firebase",
  "scripts": {
    "lint": "eslint .",
    "serve": "firebase emulators:start --only functions",
    "shell": "firebase functions:shell",
    "start": "npm run shell",
    "deploy": "firebase deploy --only functions",
    "logs": "firebase functions:log"
  },
  "engines": {
    "node": "18"
  },
  "main": "index.js",
  "dependencies": {
    "firebase-admin": "^11.8.0",
    "firebase-functions": "^4.3.1"
  },
  "devDependencies": {
    "eslint": "^8.15.0",
    "eslint-config-google": "^0.14.0",
    "firebase-functions-test": "^3.1.0"
  },
  "private": true
}
[debug] [2023-08-13T17:04:19.812Z] Building nodejs source
[debug] [2023-08-13T17:04:19.812Z] Failed to find version of module node: reached end of search path E:\amazon_p2\amazon_clone\functions\node_modules
[info] +  functions: Using node@18 from host. 
[debug] [2023-08-13T17:04:19.814Z] Could not find functions.yaml. Must use http discovery
[debug] [2023-08-13T17:04:19.824Z] Found firebase-functions binary at 'E:\amazon_p2\amazon_clone\functions\node_modules\.bin\firebase-functions'
[info] Serving at port 8995

[debug] [2023-08-13T17:04:20.913Z] Got response from /__/functions.yaml {"endpoints":{"api":{"platform":"gcfv1","availableMemoryMb":null,"timeoutSeconds":null,"minInstances":null,"maxInstances":null,"ingressSettings":null,"serviceAccountEmail":null,"vpc":null,"httpsTrigger":{},"entryPoint":"api"}},"specVersion":"v1alpha1","requiredAPIs":[]}
[info] shutdown requested via /__/quitquitquit

[info] +  functions: Loaded functions definitions from source: api. {"metadata":{"emulator":{"name":"functions"},"message":"Loaded functions definitions from source: api."}}
[debug] [2023-08-13T17:05:41.178Z] File E:\amazon_p2\amazon_clone\functions\index.js changed, reloading triggers {"metadata":{"emulator":{"name":"functions"},"message":"File E:\\amazon_p2\\amazon_clone\\functions\\index.js changed, reloading triggers"}}
[debug] [2023-08-13T17:05:42.189Z] Validating nodejs source
[debug] [2023-08-13T17:05:45.096Z] > [functions] package.json contents: {
  "name": "functions",
  "description": "Cloud Functions for Firebase",
  "scripts": {
    "lint": "eslint .",
    "serve": "firebase emulators:start --only functions",
    "shell": "firebase functions:shell",
    "start": "npm run shell",
    "deploy": "firebase deploy --only functions",
    "logs": "firebase functions:log"
  },
  "engines": {
    "node": "18"
  },
  "main": "index.js",
  "dependencies": {
    "firebase-admin": "^11.8.0",
    "firebase-functions": "^4.3.1"
  },
  "devDependencies": {
    "eslint": "^8.15.0",
    "eslint-config-google": "^0.14.0",
    "firebase-functions-test": "^3.1.0"
  },
  "private": true
}
[debug] [2023-08-13T17:05:45.096Z] Building nodejs source
[debug] [2023-08-13T17:05:45.096Z] Failed to find version of module node: reached end of search path E:\amazon_p2\amazon_clone\functions\node_modules
[info] +  functions: Using node@18 from host. 
[debug] [2023-08-13T17:05:45.098Z] Could not find functions.yaml. Must use http discovery
[debug] [2023-08-13T17:05:45.107Z] Found firebase-functions binary at 'E:\amazon_p2\amazon_clone\functions\node_modules\.bin\firebase-functions'
[info] Serving at port 8073

[debug] [2023-08-13T17:05:46.023Z] Got response from /__/functions.yaml {"endpoints":{"api":{"platform":"gcfv1","availableMemoryMb":null,"timeoutSeconds":null,"minInstances":null,"maxInstances":null,"ingressSettings":null,"serviceAccountEmail":null,"vpc":null,"httpsTrigger":{},"entryPoint":"api"}},"specVersion":"v1alpha1","requiredAPIs":[]}
[info] shutdown requested via /__/quitquitquit

[info] +  functions: Loaded functions definitions from source: api. {"metadata":{"emulator":{"name":"functions"},"message":"Loaded functions definitions from source: api."}}
[debug] [2023-08-13T17:07:35.311Z] File E:\amazon_p2\amazon_clone\functions\index.js changed, reloading triggers {"metadata":{"emulator":{"name":"functions"},"message":"File E:\\amazon_p2\\amazon_clone\\functions\\index.js changed, reloading triggers"}}
[debug] [2023-08-13T17:07:36.314Z] Validating nodejs source
[debug] [2023-08-13T17:07:39.142Z] > [functions] package.json contents: {
  "name": "functions",
  "description": "Cloud Functions for Firebase",
  "scripts": {
    "lint": "eslint .",
    "serve": "firebase emulators:start --only functions",
    "shell": "firebase functions:shell",
    "start": "npm run shell",
    "deploy": "firebase deploy --only functions",
    "logs": "firebase functions:log"
  },
  "engines": {
    "node": "18"
  },
  "main": "index.js",
  "dependencies": {
    "firebase-admin": "^11.8.0",
    "firebase-functions": "^4.3.1"
  },
  "devDependencies": {
    "eslint": "^8.15.0",
    "eslint-config-google": "^0.14.0",
    "firebase-functions-test": "^3.1.0"
  },
  "private": true
}
[debug] [2023-08-13T17:07:39.142Z] Building nodejs source
[debug] [2023-08-13T17:07:39.143Z] Failed to find version of module node: reached end of search path E:\amazon_p2\amazon_clone\functions\node_modules
[info] +  functions: Using node@18 from host. 
[debug] [2023-08-13T17:07:39.144Z] Could not find functions.yaml. Must use http discovery
[debug] [2023-08-13T17:07:39.154Z] Found firebase-functions binary at 'E:\amazon_p2\amazon_clone\functions\node_modules\.bin\firebase-functions'
[info] Serving at port 8081

[debug] [2023-08-13T17:07:40.258Z] Got response from /__/functions.yaml {"endpoints":{"api":{"platform":"gcfv1","availableMemoryMb":null,"timeoutSeconds":null,"minInstances":null,"maxInstances":null,"ingressSettings":null,"serviceAccountEmail":null,"vpc":null,"httpsTrigger":{},"entryPoint":"api"}},"specVersion":"v1alpha1","requiredAPIs":[]}
[info] shutdown requested via /__/quitquitquit

[info] +  functions: Loaded functions definitions from source: api. {"metadata":{"emulator":{"name":"functions"},"message":"Loaded functions definitions from source: api."}}
[debug] [2023-08-13T17:13:15.352Z] File E:\amazon_p2\amazon_clone\functions\index.js changed, reloading triggers {"metadata":{"emulator":{"name":"functions"},"message":"File E:\\amazon_p2\\amazon_clone\\functions\\index.js changed, reloading triggers"}}
[debug] [2023-08-13T17:13:16.369Z] Validating nodejs source
[debug] [2023-08-13T17:13:20.505Z] > [functions] package.json contents: {
  "name": "functions",
  "description": "Cloud Functions for Firebase",
  "scripts": {
    "lint": "eslint .",
    "serve": "firebase emulators:start --only functions",
    "shell": "firebase functions:shell",
    "start": "npm run shell",
    "deploy": "firebase deploy --only functions",
    "logs": "firebase functions:log"
  },
  "engines": {
    "node": "18"
  },
  "main": "index.js",
  "dependencies": {
    "firebase-admin": "^11.8.0",
    "firebase-functions": "^4.3.1"
  },
  "devDependencies": {
    "eslint": "^8.15.0",
    "eslint-config-google": "^0.14.0",
    "firebase-functions-test": "^3.1.0"
  },
  "private": true
}
[debug] [2023-08-13T17:13:20.505Z] Building nodejs source
[debug] [2023-08-13T17:13:20.505Z] Failed to find version of module node: reached end of search path E:\amazon_p2\amazon_clone\functions\node_modules
[info] +  functions: Using node@18 from host. 
[debug] [2023-08-13T17:13:20.507Z] Could not find functions.yaml. Must use http discovery
[debug] [2023-08-13T17:13:20.514Z] Found firebase-functions binary at 'E:\amazon_p2\amazon_clone\functions\node_modules\.bin\firebase-functions'
[info] Serving at port 8597

[debug] [2023-08-13T17:13:21.050Z] Got response code 400; body Failed to generate manifest from function source: SyntaxError: Identifier 'functions' has already been declared
[info] shutdown requested via /__/quitquitquit

[error] !!  functions: Failed to load function definition from source: FirebaseError: Functions codebase could not be analyzed successfully. It may have a syntax or runtime error {"metadata":{"emulator":{"name":"functions"},"message":"Failed to load function definition from source: FirebaseError: Functions codebase could not be analyzed successfully. It may have a syntax or runtime error"}}
[debug] [2023-08-13T17:13:37.342Z] File E:\amazon_p2\amazon_clone\functions\index.js changed, reloading triggers {"metadata":{"emulator":{"name":"functions"},"message":"File E:\\amazon_p2\\amazon_clone\\functions\\index.js changed, reloading triggers"}}
[debug] [2023-08-13T17:13:38.343Z] Validating nodejs source
[debug] [2023-08-13T17:13:41.785Z] > [functions] package.json contents: {
  "name": "functions",
  "description": "Cloud Functions for Firebase",
  "scripts": {
    "lint": "eslint .",
    "serve": "firebase emulators:start --only functions",
    "shell": "firebase functions:shell",
    "start": "npm run shell",
    "deploy": "firebase deploy --only functions",
    "logs": "firebase functions:log"
  },
  "engines": {
    "node": "18"
  },
  "main": "index.js",
  "dependencies": {
    "firebase-admin": "^11.8.0",
    "firebase-functions": "^4.3.1"
  },
  "devDependencies": {
    "eslint": "^8.15.0",
    "eslint-config-google": "^0.14.0",
    "firebase-functions-test": "^3.1.0"
  },
  "private": true
}
[debug] [2023-08-13T17:13:41.786Z] Building nodejs source
[debug] [2023-08-13T17:13:41.786Z] Failed to find version of module node: reached end of search path E:\amazon_p2\amazon_clone\functions\node_modules
[info] +  functions: Using node@18 from host. 
[debug] [2023-08-13T17:13:41.788Z] Could not find functions.yaml. Must use http discovery
[debug] [2023-08-13T17:13:41.798Z] Found firebase-functions binary at 'E:\amazon_p2\amazon_clone\functions\node_modules\.bin\firebase-functions'
[info] Serving at port 8914

[debug] [2023-08-13T17:13:42.875Z] Got response from /__/functions.yaml {"endpoints":{"api":{"platform":"gcfv1","availableMemoryMb":null,"timeoutSeconds":null,"minInstances":null,"maxInstances":null,"ingressSettings":null,"serviceAccountEmail":null,"vpc":null,"httpsTrigger":{},"entryPoint":"api"}},"specVersion":"v1alpha1","requiredAPIs":[]}
[info] shutdown requested via /__/quitquitquit

[info] +  functions: Loaded functions definitions from source: api. {"metadata":{"emulator":{"name":"functions"},"message":"Loaded functions definitions from source: api."}}
